app/build/intermediates/manifest_merge_blame_file/debug/processDebugMainManifest/manifest-merger-blame-debug-report.txt
1<?xml version="1.0" encoding="utf-8"?>
2<manifest xmlns:android="http://schemas.android.com/apk/res/android"
3    package="com.example.qunnbnhyn"
4    android:versionCode="1"
5    android:versionName="1.0" >
6
7    <uses-sdk
8        android:minSdkVersion="28"
9        android:targetSdkVersion="35" />
10
11    <uses-permission android:name="android.permission.INTERNET" />
11-->src\main\AndroidManifest.xml:5:5-67
11-->src\main\AndroidManifest.xml:5:22-64
12    <uses-permission android:name="android.permission.READ_EXTERNAL_STORAGE" />
12-->src\main\AndroidManifest.xml:6:5-80
12-->src\main\AndroidManifest.xml:6:22-77
13    <uses-permission android:name="android.permission.WRITE_EXTERNAL_STORAGE" />
13-->src\main\AndroidManifest.xml:7:5-81
13-->src\main\AndroidManifest.xml:7:22-78
14    <uses-permission android:name="android.permission.ACCESS_NETWORK_STATE" />
14-->[com.google.firebase:firebase-auth:23.2.0] AndroidManifest.xml:26:5-79
14-->[com.google.firebase:firebase-auth:23.2.0] AndroidManifest.xml:26:22-76
15    <uses-permission android:name="com.google.android.providers.gsf.permission.READ_GSERVICES" />
15-->[com.google.android.recaptcha:recaptcha:18.6.1] AndroidManifest.xml:9:5-98
15-->[com.google.android.recaptcha:recaptcha:18.6.1] AndroidManifest.xml:9:22-95
16    <uses-permission android:name="android.permission.WAKE_LOCK" />
16-->[androidx.work:work-runtime:2.7.1] AndroidManifest.xml:25:5-68
16-->[androidx.work:work-runtime:2.7.1] AndroidManifest.xml:25:22-65
17    <uses-permission android:name="android.permission.RECEIVE_BOOT_COMPLETED" />
17-->[androidx.work:work-runtime:2.7.1] AndroidManifest.xml:27:5-81
17-->[androidx.work:work-runtime:2.7.1] AndroidManifest.xml:27:22-78
18    <uses-permission android:name="android.permission.FOREGROUND_SERVICE" />
18-->[androidx.work:work-runtime:2.7.1] AndroidManifest.xml:28:5-77
18-->[androidx.work:work-runtime:2.7.1] AndroidManifest.xml:28:22-74
19
20    <permission
20-->[androidx.core:core:1.13.0] AndroidManifest.xml:22:5-24:47
21        android:name="com.example.qunnbnhyn.DYNAMIC_RECEIVER_NOT_EXPORTED_PERMISSION"
21-->[androidx.core:core:1.13.0] AndroidManifest.xml:23:9-81
22        android:protectionLevel="signature" />
22-->[androidx.core:core:1.13.0] AndroidManifest.xml:24:9-44
23
24    <uses-permission android:name="com.example.qunnbnhyn.DYNAMIC_RECEIVER_NOT_EXPORTED_PERMISSION" />
24-->[androidx.core:core:1.13.0] AndroidManifest.xml:26:5-97
24-->[androidx.core:core:1.13.0] AndroidManifest.xml:26:22-94
25
26    <application
26-->src\main\AndroidManifest.xml:9:5-78:19
27        android:allowBackup="true"
27-->src\main\AndroidManifest.xml:10:9-35
28        android:appComponentFactory="androidx.core.app.CoreComponentFactory"
28-->[androidx.core:core:1.13.0] AndroidManifest.xml:28:18-86
29        android:dataExtractionRules="@xml/data_extraction_rules"
29-->src\main\AndroidManifest.xml:11:9-65
30        android:debuggable="true"
31        android:extractNativeLibs="false"
32        android:fullBackupContent="@xml/backup_rules"
32-->src\main\AndroidManifest.xml:12:9-54
33        android:icon="@mipmap/ic_launcher"
33-->src\main\AndroidManifest.xml:13:9-43
34        android:label="@string/app_name"
34-->src\main\AndroidManifest.xml:14:9-41
35        android:roundIcon="@mipmap/ic_launcher_round"
35-->src\main\AndroidManifest.xml:15:9-54
36        android:supportsRtl="true"
36-->src\main\AndroidManifest.xml:16:9-35
37        android:testOnly="true"
38        android:theme="@style/Theme.Material3.Light.NoActionBar" >
38-->src\main\AndroidManifest.xml:17:9-65
39        <activity
39-->src\main\AndroidManifest.xml:19:9-20:39
40            android:name="com.example.qunnbnhyn.TT.ThanhToan"
40-->src\main\AndroidManifest.xml:19:19-47
41            android:exported="false" />
41-->src\main\AndroidManifest.xml:20:13-37
42        <activity
42-->src\main\AndroidManifest.xml:21:9-22:39
43            android:name="com.example.qunnbnhyn.datmon.DatMon"
43-->src\main\AndroidManifest.xml:21:19-48
44            android:exported="false" />
44-->src\main\AndroidManifest.xml:22:13-37
45        <activity
45-->src\main\AndroidManifest.xml:23:9-24:39
46            android:name="com.example.qunnbnhyn.QLKH.ActivityCustomerHome"
46-->src\main\AndroidManifest.xml:23:19-60
47            android:exported="false" />
47-->src\main\AndroidManifest.xml:24:13-37
48        <activity
48-->src\main\AndroidManifest.xml:25:9-26:39
49            android:name="com.example.qunnbnhyn.ThongKe.ActivityShowReport"
49-->src\main\AndroidManifest.xml:25:19-61
50            android:exported="false" />
50-->src\main\AndroidManifest.xml:26:13-37
51        <activity
51-->src\main\AndroidManifest.xml:27:9-28:39
52            android:name="com.example.qunnbnhyn.QLM.QLMON"
52-->src\main\AndroidManifest.xml:27:19-44
53            android:exported="false" />
53-->src\main\AndroidManifest.xml:28:13-37
54        <activity
54-->src\main\AndroidManifest.xml:29:9-30:39
55            android:name="com.example.qunnbnhyn.QLNV.QuanLyNhanVien"
55-->src\main\AndroidManifest.xml:29:19-54
56            android:exported="false" />
56-->src\main\AndroidManifest.xml:30:13-37
57        <activity
57-->src\main\AndroidManifest.xml:31:9-33:40
58            android:name="com.example.qunnbnhyn.TT.ThanhToanChiTiet"
58-->src\main\AndroidManifest.xml:32:13-48
59            android:exported="false" />
59-->src\main\AndroidManifest.xml:33:13-37
60        <activity
60-->src\main\AndroidManifest.xml:34:9-35:39
61            android:name="com.example.qunnbnhyn.dondat.DonDatActivity"
61-->src\main\AndroidManifest.xml:34:19-56
62            android:exported="false" />
62-->src\main\AndroidManifest.xml:35:13-37
63        <activity
63-->src\main\AndroidManifest.xml:36:9-38:40
64            android:name="com.example.qunnbnhyn.QLNV.XoaNhanVienChiTiet"
64-->src\main\AndroidManifest.xml:37:13-52
65            android:exported="false" />
65-->src\main\AndroidManifest.xml:38:13-37
66        <activity
66-->src\main\AndroidManifest.xml:39:9-41:40
67            android:name="com.example.qunnbnhyn.QLNV.XoaNhanVien"
67-->src\main\AndroidManifest.xml:40:13-45
68            android:exported="false" />
68-->src\main\AndroidManifest.xml:41:13-37
69        <activity
69-->src\main\AndroidManifest.xml:42:9-44:40
70            android:name="com.example.qunnbnhyn.QLNV.ChinhSuaThongTinChiTiet"
70-->src\main\AndroidManifest.xml:43:13-57
71            android:exported="false" />
71-->src\main\AndroidManifest.xml:44:13-37
72        <activity
72-->src\main\AndroidManifest.xml:45:9-47:40
73            android:name="com.example.qunnbnhyn.QLNV.ChinhSuaThongTin"
73-->src\main\AndroidManifest.xml:46:13-50
74            android:exported="false" />
74-->src\main\AndroidManifest.xml:47:13-37
75        <activity
75-->src\main\AndroidManifest.xml:48:9-50:40
76            android:name="com.example.qunnbnhyn.QLNV.ThemNhanVien"
76-->src\main\AndroidManifest.xml:49:13-46
77            android:exported="false" />
77-->src\main\AndroidManifest.xml:50:13-37
78        <activity
78-->src\main\AndroidManifest.xml:52:9-56:20
79            android:name="com.example.qunnbnhyn.MainActivity"
79-->src\main\AndroidManifest.xml:53:13-41
80            android:exported="false" >
80-->src\main\AndroidManifest.xml:54:13-37
81        </activity>
82        <activity android:name="com.example.qunnbnhyn.EmployeeListActivity" />
82-->src\main\AndroidManifest.xml:58:9-57
82-->src\main\AndroidManifest.xml:58:19-55
83        <activity android:name="com.example.qunnbnhyn.GanCaActivity" />
83-->src\main\AndroidManifest.xml:59:9-49
83-->src\main\AndroidManifest.xml:59:19-47
84        <activity android:name="com.example.qunnbnhyn.MenuNVActivity" />
84-->src\main\AndroidManifest.xml:60:9-51
84-->src\main\AndroidManifest.xml:60:19-49
85        <activity android:name="com.example.qunnbnhyn.NVListActivity" />
85-->src\main\AndroidManifest.xml:61:9-51
85-->src\main\AndroidManifest.xml:61:19-49
86        <activity android:name="com.example.qunnbnhyn.CheckCaActivity" />
86-->src\main\AndroidManifest.xml:62:9-52
86-->src\main\AndroidManifest.xml:62:19-50
87        <activity
87-->src\main\AndroidManifest.xml:63:9-70:20
88            android:name="com.example.qunnbnhyn.login.Login"
88-->src\main\AndroidManifest.xml:63:19-46
89            android:exported="true" >
89-->src\main\AndroidManifest.xml:64:13-36
90            <intent-filter>
90-->src\main\AndroidManifest.xml:65:13-69:29
91                <action android:name="android.intent.action.MAIN" />
91-->src\main\AndroidManifest.xml:66:17-69
91-->src\main\AndroidManifest.xml:66:25-66
92
93                <category android:name="android.intent.category.LAUNCHER" />
93-->src\main\AndroidManifest.xml:68:17-77
93-->src\main\AndroidManifest.xml:68:27-74
94            </intent-filter>
95        </activity>
96        <activity android:name="com.example.qunnbnhyn.QLKH.ActivityAddCustomer" />
96-->src\main\AndroidManifest.xml:71:9-62
96-->src\main\AndroidManifest.xml:71:19-59
97        <activity android:name="com.example.qunnbnhyn.QLKH.ActivityCustomerPriorityDetail" />
97-->src\main\AndroidManifest.xml:72:9-73
97-->src\main\AndroidManifest.xml:72:19-70
98        <activity android:name="com.example.qunnbnhyn.QLKH.ActivityDeleteCustomer" />
98-->src\main\AndroidManifest.xml:73:9-65
98-->src\main\AndroidManifest.xml:73:19-62
99        <activity android:name="com.example.qunnbnhyn.QLKH.ActivityEditCustomer" />
99-->src\main\AndroidManifest.xml:74:9-63
99-->src\main\AndroidManifest.xml:74:19-60
100        <activity android:name="com.example.qunnbnhyn.QLKH.ActivityEditCustomerDetail" />
100-->src\main\AndroidManifest.xml:75:9-69
100-->src\main\AndroidManifest.xml:75:19-66
101        <activity android:name="com.example.qunnbnhyn.QLKH.ActivityPriorityCustomer" />
101-->src\main\AndroidManifest.xml:76:9-67
101-->src\main\AndroidManifest.xml:76:19-64
102        <activity
102-->[com.cloudinary:cloudinary-android-ui:3.0.2] AndroidManifest.xml:10:9-13:56
103            android:name="com.cloudinary.android.uploadwidget.ui.UploadWidgetActivity"
103-->[com.cloudinary:cloudinary-android-ui:3.0.2] AndroidManifest.xml:11:13-87
104            android:configChanges="orientation"
104-->[com.cloudinary:cloudinary-android-ui:3.0.2] AndroidManifest.xml:12:13-48
105            android:theme="@style/UploadWidgetTheme" />
105-->[com.cloudinary:cloudinary-android-ui:3.0.2] AndroidManifest.xml:13:13-53
106
107        <provider
107-->[com.squareup.picasso:picasso:2.71828] AndroidManifest.xml:8:9-11:40
108            android:name="com.squareup.picasso.PicassoProvider"
108-->[com.squareup.picasso:picasso:2.71828] AndroidManifest.xml:9:13-64
109            android:authorities="com.example.qunnbnhyn.com.squareup.picasso"
109-->[com.squareup.picasso:picasso:2.71828] AndroidManifest.xml:10:13-72
110            android:exported="false" />
110-->[com.squareup.picasso:picasso:2.71828] AndroidManifest.xml:11:13-37
111
112        <activity
112-->[com.google.firebase:firebase-auth:23.2.0] AndroidManifest.xml:29:9-46:20
113            android:name="com.google.firebase.auth.internal.GenericIdpActivity"
113-->[com.google.firebase:firebase-auth:23.2.0] AndroidManifest.xml:30:13-80
114            android:excludeFromRecents="true"
114-->[com.google.firebase:firebase-auth:23.2.0] AndroidManifest.xml:31:13-46
115            android:exported="true"
115-->[com.google.firebase:firebase-auth:23.2.0] AndroidManifest.xml:32:13-36
116            android:launchMode="singleTask"
116-->[com.google.firebase:firebase-auth:23.2.0] AndroidManifest.xml:33:13-44
117            android:theme="@android:style/Theme.Translucent.NoTitleBar" >
117-->[com.google.firebase:firebase-auth:23.2.0] AndroidManifest.xml:34:13-72
118            <intent-filter>
118-->[com.google.firebase:firebase-auth:23.2.0] AndroidManifest.xml:35:13-45:29
119                <action android:name="android.intent.action.VIEW" />
119-->[com.google.firebase:firebase-auth:23.2.0] AndroidManifest.xml:36:17-69
119-->[com.google.firebase:firebase-auth:23.2.0] AndroidManifest.xml:36:25-66
120
121                <category android:name="android.intent.category.DEFAULT" />
121-->[com.google.firebase:firebase-auth:23.2.0] AndroidManifest.xml:38:17-76
121-->[com.google.firebase:firebase-auth:23.2.0] AndroidManifest.xml:38:27-73
122                <category android:name="android.intent.category.BROWSABLE" />
122-->[com.google.firebase:firebase-auth:23.2.0] AndroidManifest.xml:39:17-78
122-->[com.google.firebase:firebase-auth:23.2.0] AndroidManifest.xml:39:27-75
123
124                <data
124-->[com.google.firebase:firebase-auth:23.2.0] AndroidManifest.xml:41:17-44:51
125                    android:host="firebase.auth"
125-->[com.google.firebase:firebase-auth:23.2.0] AndroidManifest.xml:42:21-49
126                    android:path="/"
126-->[com.google.firebase:firebase-auth:23.2.0] AndroidManifest.xml:43:21-37
127                    android:scheme="genericidp" />
127-->[com.google.firebase:firebase-auth:23.2.0] AndroidManifest.xml:44:21-48
128            </intent-filter>
129        </activity>
130        <activity
130-->[com.google.firebase:firebase-auth:23.2.0] AndroidManifest.xml:47:9-64:20
131            android:name="com.google.firebase.auth.internal.RecaptchaActivity"
131-->[com.google.firebase:firebase-auth:23.2.0] AndroidManifest.xml:48:13-79
132            android:excludeFromRecents="true"
132-->[com.google.firebase:firebase-auth:23.2.0] AndroidManifest.xml:49:13-46
133            android:exported="true"
133-->[com.google.firebase:firebase-auth:23.2.0] AndroidManifest.xml:50:13-36
134            android:launchMode="singleTask"
134-->[com.google.firebase:firebase-auth:23.2.0] AndroidManifest.xml:51:13-44
135            android:theme="@android:style/Theme.Translucent.NoTitleBar" >
135-->[com.google.firebase:firebase-auth:23.2.0] AndroidManifest.xml:52:13-72
136            <intent-filter>
136-->[com.google.firebase:firebase-auth:23.2.0] AndroidManifest.xml:53:13-63:29
137                <action android:name="android.intent.action.VIEW" />
137-->[com.google.firebase:firebase-auth:23.2.0] AndroidManifest.xml:36:17-69
137-->[com.google.firebase:firebase-auth:23.2.0] AndroidManifest.xml:36:25-66
138
139                <category android:name="android.intent.category.DEFAULT" />
139-->[com.google.firebase:firebase-auth:23.2.0] AndroidManifest.xml:38:17-76
139-->[com.google.firebase:firebase-auth:23.2.0] AndroidManifest.xml:38:27-73
140                <category android:name="android.intent.category.BROWSABLE" />
140-->[com.google.firebase:firebase-auth:23.2.0] AndroidManifest.xml:39:17-78
140-->[com.google.firebase:firebase-auth:23.2.0] AndroidManifest.xml:39:27-75
141
142                <data
142-->[com.google.firebase:firebase-auth:23.2.0] AndroidManifest.xml:41:17-44:51
143                    android:host="firebase.auth"
143-->[com.google.firebase:firebase-auth:23.2.0] AndroidManifest.xml:42:21-49
144                    android:path="/"
144-->[com.google.firebase:firebase-auth:23.2.0] AndroidManifest.xml:43:21-37
145                    android:scheme="recaptcha" />
145-->[com.google.firebase:firebase-auth:23.2.0] AndroidManifest.xml:44:21-48
146            </intent-filter>
147        </activity>
148
149        <service
149-->[com.google.firebase:firebase-auth:23.2.0] AndroidManifest.xml:66:9-72:19
150            android:name="com.google.firebase.components.ComponentDiscoveryService"
150-->[com.google.firebase:firebase-auth:23.2.0] AndroidManifest.xml:67:13-84
151            android:directBootAware="true"
151-->[com.google.firebase:firebase-common:21.0.0] AndroidManifest.xml:32:13-43
152            android:exported="false" >
152-->[com.google.firebase:firebase-auth:23.2.0] AndroidManifest.xml:68:13-37
153            <meta-data
153-->[com.google.firebase:firebase-auth:23.2.0] AndroidManifest.xml:69:13-71:85
154                android:name="com.google.firebase.components:com.google.firebase.auth.FirebaseAuthRegistrar"
154-->[com.google.firebase:firebase-auth:23.2.0] AndroidManifest.xml:70:17-109
155                android:value="com.google.firebase.components.ComponentRegistrar" />
155-->[com.google.firebase:firebase-auth:23.2.0] AndroidManifest.xml:71:17-82
156            <meta-data
156-->[com.google.firebase:firebase-database:21.0.0] AndroidManifest.xml:29:13-31:85
157                android:name="com.google.firebase.components:com.google.firebase.database.FirebaseDatabaseKtxRegistrar"
157-->[com.google.firebase:firebase-database:21.0.0] AndroidManifest.xml:30:17-120
158                android:value="com.google.firebase.components.ComponentRegistrar" />
158-->[com.google.firebase:firebase-database:21.0.0] AndroidManifest.xml:31:17-82
159            <meta-data
159-->[com.google.firebase:firebase-database:21.0.0] AndroidManifest.xml:32:13-34:85
160                android:name="com.google.firebase.components:com.google.firebase.database.DatabaseRegistrar"
160-->[com.google.firebase:firebase-database:21.0.0] AndroidManifest.xml:33:17-109
161                android:value="com.google.firebase.components.ComponentRegistrar" />
161-->[com.google.firebase:firebase-database:21.0.0] AndroidManifest.xml:34:17-82
162            <meta-data
162-->[com.google.firebase:firebase-storage:21.0.1] AndroidManifest.xml:30:13-32:85
163                android:name="com.google.firebase.components:com.google.firebase.storage.FirebaseStorageKtxRegistrar"
163-->[com.google.firebase:firebase-storage:21.0.1] AndroidManifest.xml:31:17-118
164                android:value="com.google.firebase.components.ComponentRegistrar" />
164-->[com.google.firebase:firebase-storage:21.0.1] AndroidManifest.xml:32:17-82
165            <meta-data
165-->[com.google.firebase:firebase-storage:21.0.1] AndroidManifest.xml:33:13-35:85
166                android:name="com.google.firebase.components:com.google.firebase.storage.StorageRegistrar"
166-->[com.google.firebase:firebase-storage:21.0.1] AndroidManifest.xml:34:17-107
167                android:value="com.google.firebase.components.ComponentRegistrar" />
167-->[com.google.firebase:firebase-storage:21.0.1] AndroidManifest.xml:35:17-82
168            <meta-data
168-->[com.google.firebase:firebase-appcheck:18.0.0] AndroidManifest.xml:25:13-27:85
169                android:name="com.google.firebase.components:com.google.firebase.appcheck.FirebaseAppCheckKtxRegistrar"
169-->[com.google.firebase:firebase-appcheck:18.0.0] AndroidManifest.xml:26:17-120
170                android:value="com.google.firebase.components.ComponentRegistrar" />
170-->[com.google.firebase:firebase-appcheck:18.0.0] AndroidManifest.xml:27:17-82
171            <meta-data
171-->[com.google.firebase:firebase-appcheck:18.0.0] AndroidManifest.xml:28:13-30:85
172                android:name="com.google.firebase.components:com.google.firebase.appcheck.FirebaseAppCheckRegistrar"
172-->[com.google.firebase:firebase-appcheck:18.0.0] AndroidManifest.xml:29:17-117
173                android:value="com.google.firebase.components.ComponentRegistrar" />
173-->[com.google.firebase:firebase-appcheck:18.0.0] AndroidManifest.xml:30:17-82
174            <meta-data
174-->[com.google.firebase:firebase-common-ktx:21.0.0] AndroidManifest.xml:12:13-14:85
175                android:name="com.google.firebase.components:com.google.firebase.ktx.FirebaseCommonLegacyRegistrar"
175-->[com.google.firebase:firebase-common-ktx:21.0.0] AndroidManifest.xml:13:17-116
176                android:value="com.google.firebase.components.ComponentRegistrar" />
176-->[com.google.firebase:firebase-common-ktx:21.0.0] AndroidManifest.xml:14:17-82
177            <meta-data
177-->[com.google.firebase:firebase-common:21.0.0] AndroidManifest.xml:35:13-37:85
178                android:name="com.google.firebase.components:com.google.firebase.FirebaseCommonKtxRegistrar"
178-->[com.google.firebase:firebase-common:21.0.0] AndroidManifest.xml:36:17-109
179                android:value="com.google.firebase.components.ComponentRegistrar" />
179-->[com.google.firebase:firebase-common:21.0.0] AndroidManifest.xml:37:17-82
180        </service>
181        <service
181-->[androidx.credentials:credentials-play-services-auth:1.2.0-rc01] AndroidManifest.xml:24:9-32:19
182            android:name="androidx.credentials.playservices.CredentialProviderMetadataHolder"
182-->[androidx.credentials:credentials-play-services-auth:1.2.0-rc01] AndroidManifest.xml:25:13-94
183            android:enabled="true"
183-->[androidx.credentials:credentials-play-services-auth:1.2.0-rc01] AndroidManifest.xml:26:13-35
184            android:exported="false" >
184-->[androidx.credentials:credentials-play-services-auth:1.2.0-rc01] AndroidManifest.xml:27:13-37
185            <meta-data
185-->[androidx.credentials:credentials-play-services-auth:1.2.0-rc01] AndroidManifest.xml:29:13-31:104
186                android:name="androidx.credentials.CREDENTIAL_PROVIDER_KEY"
186-->[androidx.credentials:credentials-play-services-auth:1.2.0-rc01] AndroidManifest.xml:30:17-76
187                android:value="androidx.credentials.playservices.CredentialProviderPlayServicesImpl" />
187-->[androidx.credentials:credentials-play-services-auth:1.2.0-rc01] AndroidManifest.xml:31:17-101
188        </service>
189
190        <activity
190-->[androidx.credentials:credentials-play-services-auth:1.2.0-rc01] AndroidManifest.xml:34:9-41:20
191            android:name="androidx.credentials.playservices.HiddenActivity"
191-->[androidx.credentials:credentials-play-services-auth:1.2.0-rc01] AndroidManifest.xml:35:13-76
192            android:configChanges="orientation|screenSize|screenLayout|keyboardHidden"
192-->[androidx.credentials:credentials-play-services-auth:1.2.0-rc01] AndroidManifest.xml:36:13-87
193            android:enabled="true"
193-->[androidx.credentials:credentials-play-services-auth:1.2.0-rc01] AndroidManifest.xml:37:13-35
194            android:exported="false"
194-->[androidx.credentials:credentials-play-services-auth:1.2.0-rc01] AndroidManifest.xml:38:13-37
195            android:fitsSystemWindows="true"
195-->[androidx.credentials:credentials-play-services-auth:1.2.0-rc01] AndroidManifest.xml:39:13-45
196            android:theme="@style/Theme.Hidden" >
196-->[androidx.credentials:credentials-play-services-auth:1.2.0-rc01] AndroidManifest.xml:40:13-48
197        </activity>
198        <activity
198-->[com.google.android.gms:play-services-auth:20.7.0] AndroidManifest.xml:23:9-27:75
199            android:name="com.google.android.gms.auth.api.signin.internal.SignInHubActivity"
199-->[com.google.android.gms:play-services-auth:20.7.0] AndroidManifest.xml:24:13-93
200            android:excludeFromRecents="true"
200-->[com.google.android.gms:play-services-auth:20.7.0] AndroidManifest.xml:25:13-46
201            android:exported="false"
201-->[com.google.android.gms:play-services-auth:20.7.0] AndroidManifest.xml:26:13-37
202            android:theme="@android:style/Theme.Translucent.NoTitleBar" />
202-->[com.google.android.gms:play-services-auth:20.7.0] AndroidManifest.xml:27:13-72
203        <!--
204            Service handling Google Sign-In user revocation. For apps that do not integrate with
205            Google Sign-In, this service will never be started.
206        -->
207        <service
207-->[com.google.android.gms:play-services-auth:20.7.0] AndroidManifest.xml:33:9-37:51
208            android:name="com.google.android.gms.auth.api.signin.RevocationBoundService"
208-->[com.google.android.gms:play-services-auth:20.7.0] AndroidManifest.xml:34:13-89
209            android:exported="true"
209-->[com.google.android.gms:play-services-auth:20.7.0] AndroidManifest.xml:35:13-36
210            android:permission="com.google.android.gms.auth.api.signin.permission.REVOCATION_NOTIFICATION"
210-->[com.google.android.gms:play-services-auth:20.7.0] AndroidManifest.xml:36:13-107
211            android:visibleToInstantApps="true" />
211-->[com.google.android.gms:play-services-auth:20.7.0] AndroidManifest.xml:37:13-48
212
213        <activity
213-->[com.google.android.gms:play-services-base:18.1.0] AndroidManifest.xml:20:9-22:45
214            android:name="com.google.android.gms.common.api.GoogleApiActivity"
214-->[com.google.android.gms:play-services-base:18.1.0] AndroidManifest.xml:20:19-85
215            android:exported="false"
215-->[com.google.android.gms:play-services-base:18.1.0] AndroidManifest.xml:22:19-43
216            android:theme="@android:style/Theme.Translucent.NoTitleBar" />
216-->[com.google.android.gms:play-services-base:18.1.0] AndroidManifest.xml:21:19-78
217
218        <provider
218-->[com.google.firebase:firebase-common:21.0.0] AndroidManifest.xml:23:9-28:39
219            android:name="com.google.firebase.provider.FirebaseInitProvider"
219-->[com.google.firebase:firebase-common:21.0.0] AndroidManifest.xml:24:13-77
220            android:authorities="com.example.qunnbnhyn.firebaseinitprovider"
220-->[com.google.firebase:firebase-common:21.0.0] AndroidManifest.xml:25:13-72
221            android:directBootAware="true"
221-->[com.google.firebase:firebase-common:21.0.0] AndroidManifest.xml:26:13-43
222            android:exported="false"
222-->[com.google.firebase:firebase-common:21.0.0] AndroidManifest.xml:27:13-37
223            android:initOrder="100" />
223-->[com.google.firebase:firebase-common:21.0.0] AndroidManifest.xml:28:13-36
224        <provider
224-->[androidx.emoji2:emoji2:1.3.0] AndroidManifest.xml:24:9-32:20
225            android:name="androidx.startup.InitializationProvider"
225-->[androidx.emoji2:emoji2:1.3.0] AndroidManifest.xml:25:13-67
226            android:authorities="com.example.qunnbnhyn.androidx-startup"
226-->[androidx.emoji2:emoji2:1.3.0] AndroidManifest.xml:26:13-68
227            android:exported="false" >
227-->[androidx.emoji2:emoji2:1.3.0] AndroidManifest.xml:27:13-37
228            <meta-data
228-->[androidx.emoji2:emoji2:1.3.0] AndroidManifest.xml:29:13-31:52
229                android:name="androidx.emoji2.text.EmojiCompatInitializer"
229-->[androidx.emoji2:emoji2:1.3.0] AndroidManifest.xml:30:17-75
230                android:value="androidx.startup" />
230-->[androidx.emoji2:emoji2:1.3.0] AndroidManifest.xml:31:17-49
231            <meta-data
231-->[androidx.work:work-runtime:2.7.1] AndroidManifest.xml:36:13-38:52
232                android:name="androidx.work.WorkManagerInitializer"
232-->[androidx.work:work-runtime:2.7.1] AndroidManifest.xml:37:17-68
233                android:value="androidx.startup" />
233-->[androidx.work:work-runtime:2.7.1] AndroidManifest.xml:38:17-49
234            <meta-data
234-->[androidx.lifecycle:lifecycle-process:2.6.2] AndroidManifest.xml:29:13-31:52
235                android:name="androidx.lifecycle.ProcessLifecycleInitializer"
235-->[androidx.lifecycle:lifecycle-process:2.6.2] AndroidManifest.xml:30:17-78
236                android:value="androidx.startup" />
236-->[androidx.lifecycle:lifecycle-process:2.6.2] AndroidManifest.xml:31:17-49
237            <meta-data
237-->[androidx.profileinstaller:profileinstaller:1.4.0] AndroidManifest.xml:29:13-31:52
238                android:name="androidx.profileinstaller.ProfileInstallerInitializer"
238-->[androidx.profileinstaller:profileinstaller:1.4.0] AndroidManifest.xml:30:17-85
239                android:value="androidx.startup" />
239-->[androidx.profileinstaller:profileinstaller:1.4.0] AndroidManifest.xml:31:17-49
240        </provider>
241
242        <service
242-->[androidx.work:work-runtime:2.7.1] AndroidManifest.xml:41:9-46:35
243            android:name="androidx.work.impl.background.systemalarm.SystemAlarmService"
243-->[androidx.work:work-runtime:2.7.1] AndroidManifest.xml:42:13-88
244            android:directBootAware="false"
244-->[androidx.work:work-runtime:2.7.1] AndroidManifest.xml:43:13-44
245            android:enabled="@bool/enable_system_alarm_service_default"
245-->[androidx.work:work-runtime:2.7.1] AndroidManifest.xml:44:13-72
246            android:exported="false" />
246-->[androidx.work:work-runtime:2.7.1] AndroidManifest.xml:45:13-37
247        <service
247-->[androidx.work:work-runtime:2.7.1] AndroidManifest.xml:47:9-53:35
248            android:name="androidx.work.impl.background.systemjob.SystemJobService"
248-->[androidx.work:work-runtime:2.7.1] AndroidManifest.xml:48:13-84
249            android:directBootAware="false"
249-->[androidx.work:work-runtime:2.7.1] AndroidManifest.xml:49:13-44
250            android:enabled="@bool/enable_system_job_service_default"
250-->[androidx.work:work-runtime:2.7.1] AndroidManifest.xml:50:13-70
251            android:exported="true"
251-->[androidx.work:work-runtime:2.7.1] AndroidManifest.xml:51:13-36
252            android:permission="android.permission.BIND_JOB_SERVICE" />
252-->[androidx.work:work-runtime:2.7.1] AndroidManifest.xml:52:13-69
253        <service
253-->[androidx.work:work-runtime:2.7.1] AndroidManifest.xml:54:9-59:35
254            android:name="androidx.work.impl.foreground.SystemForegroundService"
254-->[androidx.work:work-runtime:2.7.1] AndroidManifest.xml:55:13-81
255            android:directBootAware="false"
255-->[androidx.work:work-runtime:2.7.1] AndroidManifest.xml:56:13-44
256            android:enabled="@bool/enable_system_foreground_service_default"
256-->[androidx.work:work-runtime:2.7.1] AndroidManifest.xml:57:13-77
257            android:exported="false" />
257-->[androidx.work:work-runtime:2.7.1] AndroidManifest.xml:58:13-37
258
259        <receiver
259-->[androidx.work:work-runtime:2.7.1] AndroidManifest.xml:61:9-66:35
260            android:name="androidx.work.impl.utils.ForceStopRunnable$BroadcastReceiver"
260-->[androidx.work:work-runtime:2.7.1] AndroidManifest.xml:62:13-88
261            android:directBootAware="false"
261-->[androidx.work:work-runtime:2.7.1] AndroidManifest.xml:63:13-44
262            android:enabled="true"
262-->[androidx.work:work-runtime:2.7.1] AndroidManifest.xml:64:13-35
263            android:exported="false" />
263-->[androidx.work:work-runtime:2.7.1] AndroidManifest.xml:65:13-37